<?xml version="1.0" encoding="UTF-8"?>
<!-- Generated by org.testng.reporters.JUnitReportReporter -->
<testsuite hostname="Anitha_Lenovo" failures="0" tests="1" name="tests.Test3" time="0.002" errors="0" timestamp="2024-06-18T10:21:11 IST" skipped="0">
  <testcase classname="tests.Test3" name="Test1" time="0.002">
    <system-out>
      <![CDATA[Test3-sampleTest]]>
    </system-out>
  </testcase> <!-- Test1 -->
  <system-out>
    <![CDATA[Test2-sampleTest
Test3-sampleTest]]>
  </system-out>
</testsuite> <!-- tests.Test3 -->
